<?xml version="1.0" encoding="UTF-8"?>
<!-- Generated by org.testng.reporters.JUnitReportReporter -->
<testsuite hostname="LAPTOP-HLOHLMEL" failures="0" tests="1" name="test.TestCase02" time="1.760" errors="0" timestamp="2024-11-28T11:57:49 IST" skipped="0">
  <testcase classname="test.TestCase02" name="psw" time="1.760"/>
  <system-out/>
</testsuite> <!-- test.TestCase02 -->
