<?xml version="1.0" encoding="UTF-8"?>
<!-- Generated by org.testng.reporters.JUnitReportReporter -->
<testsuite hostname="LAPTOP-HLOHLMEL" failures="0" tests="1" name="test.TestCase01" time="61.879" errors="0" timestamp="2024-11-28T11:57:49 IST" skipped="0">
  <testcase classname="test.TestCase01" name="usn" time="61.879"/>
  <system-out/>
</testsuite> <!-- test.TestCase01 -->
