<?xml version="1.0" encoding="UTF-8"?>
<!-- Generated by org.testng.reporters.JUnitReportReporter -->
<testsuite hostname="LAPTOP-HLOHLMEL" failures="0" tests="2" name="testNG.Script01" time="0.017" errors="0" timestamp="2024-11-26T13:21:20 IST" skipped="0">
  <testcase classname="testNG.Script01" name="Testcase" time="0.015"/>
  <system-out>
    <![CDATA[Hello]]>
  </system-out>
  <testcase classname="testNG.Script01" name="Testcase1" time="0.002"/>
  <system-out>
    <![CDATA[Good morning]]>
  </system-out>
</testsuite> <!-- testNG.Script01 -->
