<?xml version="1.0" encoding="UTF-8"?>
<!-- Generated by org.testng.reporters.JUnitReportReporter -->
<testsuite hostname="LAPTOP-HLOHLMEL" failures="0" tests="1" name="test.TestCase03" time="2.640" errors="0" timestamp="2024-11-28T11:57:49 IST" skipped="0">
  <testcase classname="test.TestCase03" name="Title" time="2.640"/>
  <system-out/>
</testsuite> <!-- test.TestCase03 -->
